C:\USERS\CHGU\DROPBOX\MASTER\模本程序\TEMPLATECAD\DEBUG\VC100.PDB
C:\USERS\CHGU\DROPBOX\MASTER\模本程序\TEMPLATECAD\DEBUG\CONTROLDATA.OBJ
C:\USERS\CHGU\DROPBOX\MASTER\模本程序\TEMPLATECAD\DEBUG\MENUTIPMANAGER.OBJ
C:\USERS\CHGU\DROPBOX\MASTER\模本程序\TEMPLATECAD\DEBUG\PUPTEXT.OBJ
C:\USERS\CHGU\DROPBOX\MASTER\模本程序\TEMPLATECAD\DEBUG\SUBCLASS.OBJ
C:\USERS\CHGU\DROPBOX\MASTER\模本程序\TEMPLATECAD\DEBUG\TEMPLATECAD.OBJ
C:\USERS\CHGU\DROPBOX\MASTER\模本程序\TEMPLATECAD\DEBUG\TEMPLATECADDLG.OBJ
C:\USERS\CHGU\DROPBOX\MASTER\模本程序\TEMPLATECAD\DEBUG\TEMPLATEDATA.OBJ
C:\USERS\CHGU\DROPBOX\MASTER\模本程序\DEBUG\TEMPLATECAD.ILK
C:\USERS\CHGU\DROPBOX\MASTER\模本程序\DEBUG\TEMPLATECAD.EXE
C:\USERS\CHGU\DROPBOX\MASTER\模本程序\TEMPLATECAD\DEBUG\TEMPLATECAD.EXE.INTERMEDIATE.MANIFEST
C:\USERS\CHGU\DROPBOX\MASTER\模本程序\DEBUG\TEMPLATECAD.PDB
C:\USERS\CHGU\DROPBOX\MASTER\模本程序\TEMPLATECAD\DEBUG\TEMPLATECAD.EXE.EMBED.MANIFEST
C:\USERS\CHGU\DROPBOX\MASTER\模本程序\TEMPLATECAD\DEBUG\TEMPLATECAD.RES
C:\USERS\CHGU\DROPBOX\MASTER\模本程序\TEMPLATECAD\DEBUG\TEMPLATECAD.EXE.EMBED.MANIFEST.RES
C:\Users\chgu\Dropbox\Master\模本程序\TemplateCAD\Debug\ControlData.obj
C:\Users\chgu\Dropbox\Master\模本程序\TemplateCAD\Debug\MenuTipManager.obj
C:\Users\chgu\Dropbox\Master\模本程序\TemplateCAD\Debug\PupText.obj
C:\Users\chgu\Dropbox\Master\模本程序\TemplateCAD\Debug\stdafx.obj
C:\Users\chgu\Dropbox\Master\模本程序\TemplateCAD\Debug\Subclass.obj
C:\Users\chgu\Dropbox\Master\模本程序\TemplateCAD\Debug\TemplateCAD.obj
C:\Users\chgu\Dropbox\Master\模本程序\TemplateCAD\Debug\TemplateCADDlg.obj
C:\Users\chgu\Dropbox\Master\模本程序\TemplateCAD\Debug\TemplateData.obj
C:\Users\chgu\Dropbox\Master\模本程序\TemplateCAD\Debug\CL.4124.read.1.tlog
C:\Users\chgu\Dropbox\Master\模本程序\TemplateCAD\Debug\CL.4124.write.1.tlog
C:\Users\chgu\Dropbox\Master\模本程序\TemplateCAD\Debug\CL.9980.read.1.tlog
C:\Users\chgu\Dropbox\Master\模本程序\TemplateCAD\Debug\CL.9980.write.1.tlog
C:\Users\chgu\Dropbox\Master\模本程序\TemplateCAD\Debug\cl.command.1.tlog
C:\Users\chgu\Dropbox\Master\模本程序\TemplateCAD\Debug\CL.read.1.tlog
C:\Users\chgu\Dropbox\Master\模本程序\TemplateCAD\Debug\cl.write.1.tlog
C:\Users\chgu\Dropbox\Master\模本程序\TemplateCAD\Debug\link.6996-cvtres.read.1.tlog
C:\Users\chgu\Dropbox\Master\模本程序\TemplateCAD\Debug\link.6996-cvtres.write.1.tlog
C:\Users\chgu\Dropbox\Master\模本程序\TemplateCAD\Debug\link.6996.read.1.tlog
C:\Users\chgu\Dropbox\Master\模本程序\TemplateCAD\Debug\link.6996.write.1.tlog
C:\Users\chgu\Dropbox\Master\模本程序\TemplateCAD\Debug\link.8508-cvtres.read.1.tlog
C:\Users\chgu\Dropbox\Master\模本程序\TemplateCAD\Debug\link.8508-cvtres.write.1.tlog
C:\Users\chgu\Dropbox\Master\模本程序\TemplateCAD\Debug\link.8508.read.1.tlog
C:\Users\chgu\Dropbox\Master\模本程序\TemplateCAD\Debug\link.8508.write.1.tlog
C:\Users\chgu\Dropbox\Master\模本程序\TemplateCAD\Debug\link.command.1.tlog
C:\Users\chgu\Dropbox\Master\模本程序\TemplateCAD\Debug\link.read.1.tlog
C:\Users\chgu\Dropbox\Master\模本程序\TemplateCAD\Debug\mt.command.1.tlog
C:\Users\chgu\Dropbox\Master\模本程序\TemplateCAD\Debug\mt.read.1.tlog
C:\Users\chgu\Dropbox\Master\模本程序\TemplateCAD\Debug\mt.write.1.tlog
C:\Users\chgu\Dropbox\Master\模本程序\TemplateCAD\Debug\rc.command.1.tlog
C:\Users\chgu\Dropbox\Master\模本程序\TemplateCAD\Debug\rc.read.1.tlog
C:\Users\chgu\Dropbox\Master\模本程序\TemplateCAD\Debug\rc.write.1.tlog
C:\Users\chgu\Dropbox\Master\模本程序\TemplateCAD\Debug\TemplateCAD.write.1.tlog
C:\Users\chgu\Dropbox\Master\模本程序\TemplateCAD\Debug\TemplateCAD.exe.embed.manifest
C:\Users\chgu\Dropbox\Master\模本程序\TemplateCAD\Debug\TemplateCAD.exe.intermediate.manifest
C:\Users\chgu\Dropbox\Master\模本程序\TemplateCAD\Debug\TemplateCAD.exe.embed.manifest.res
C:\Users\chgu\Dropbox\Master\模本程序\TemplateCAD\Debug\TemplateCAD.res
C:\Users\chgu\Dropbox\Master\模本程序\TemplateCAD\Debug\TemplateCAD.pch
C:\Users\chgu\Dropbox\Master\模本程序\TemplateCAD\Debug\vc100.idb
C:\Users\chgu\Dropbox\Master\模本程序\TemplateCAD\Debug\vc100.pdb
C:\Users\chgu\Dropbox\Master\模本程序\TemplateCAD\Debug\TemplateCAD_manifest.rc
