Build started 2013/8/28 5:58:15.
     1>Project "C:\Users\chgu\Dropbox\Master\模本程序\MFC模板程序\MFC模板程序.vcxproj" on node 3 (build target(s)).
     1>InitializeBuildStatus:
         Touching "Debug\MFC模板程序.unsuccessfulbuild".
       ClCompile:
         All outputs are up-to-date.
         All outputs are up-to-date.
       ResourceCompile:
         All outputs are up-to-date.
       ManifestResourceCompile:
         All outputs are up-to-date.
       Link:
         C:\Program Files (x86)\BullseyeCoverage\bin\link.exe /ERRORREPORT:PROMPT /OUT:"C:\Users\chgu\Dropbox\Master\模本程序\Debug\MFC模板程序.exe" /INCREMENTAL /NOLOGO /MANIFEST /ManifestFile:"Debug\MFC模板程序.exe.intermediate.manifest" /MANIFESTUAC:"level='asInvoker' uiAccess='false'" /DEBUG /PDB:"C:\Users\chgu\Dropbox\Master\模本程序\Debug\MFC模板程序.pdb" /SUBSYSTEM:WINDOWS /TLBID:1 /ENTRY:"wWinMainCRTStartup" /DYNAMICBASE /NXCOMPAT /IMPLIB:"C:\Users\chgu\Dropbox\Master\模本程序\Debug\MFC模板程序.lib" /MACHINE:X86 "Debug\MFC模板程序.res"
         "Debug\MFC模板程序.exe.embed.manifest.res"
         Debug\ClassView.obj
         Debug\FileView.obj
         Debug\MainFrm.obj
         "Debug\MFC模板程序.obj"
         "Debug\MFC模板程序Doc.obj"
         "Debug\MFC模板程序View.obj"
         Debug\OutputWnd.obj
         Debug\PropertiesWnd.obj
         Debug\stdafx.obj
         Debug\ViewTree.obj
       Manifest:
         C:\Program Files (x86)\Microsoft SDKs\Windows\v7.0A\bin\mt.exe /nologo /verbose /out:"Debug\MFC模板程序.exe.embed.manifest" /manifest "Debug\MFC模板程序.exe.intermediate.manifest" "C:\Program Files (x86)\Microsoft Visual Studio 10.0\VC\Include\Manifest\dpiaware.manifest"
         All outputs are up-to-date.
       LinkEmbedManifest:
         All outputs are up-to-date.
         MFC模板程序.vcxproj -> C:\Users\chgu\Dropbox\Master\模本程序\Debug\MFC模板程序.exe
       FinalizeBuildStatus:
         Deleting file "Debug\MFC模板程序.unsuccessfulbuild".
         Touching "Debug\MFC模板程序.lastbuildstate".
     1>Done Building Project "C:\Users\chgu\Dropbox\Master\模本程序\MFC模板程序\MFC模板程序.vcxproj" (build target(s)).

Build succeeded.

Time Elapsed 00:00:01.26
