C:\USERS\CHGU\DROPBOX\MASTER\模本程序\DEBUG\模本程序.EXE
C:\USERS\CHGU\DROPBOX\MASTER\模本程序\DEBUG\模本程序.ILK
C:\USERS\CHGU\DROPBOX\MASTER\模本程序\DEBUG\模本程序.PDB
C:\Users\chgu\Dropbox\Master\模本程序\模本程序\Debug\CL.10272.read.1.tlog
C:\Users\chgu\Dropbox\Master\模本程序\模本程序\Debug\CL.10272.write.1.tlog
C:\Users\chgu\Dropbox\Master\模本程序\模本程序\Debug\CL.11248.read.1.tlog
C:\Users\chgu\Dropbox\Master\模本程序\模本程序\Debug\CL.11248.write.1.tlog
C:\Users\chgu\Dropbox\Master\模本程序\模本程序\Debug\CL.12272.read.1.tlog
C:\Users\chgu\Dropbox\Master\模本程序\模本程序\Debug\CL.12272.write.1.tlog
C:\Users\chgu\Dropbox\Master\模本程序\模本程序\Debug\CL.12512.read.1.tlog
C:\Users\chgu\Dropbox\Master\模本程序\模本程序\Debug\CL.12512.write.1.tlog
C:\Users\chgu\Dropbox\Master\模本程序\模本程序\Debug\CL.12540.read.1.tlog
C:\Users\chgu\Dropbox\Master\模本程序\模本程序\Debug\CL.12540.write.1.tlog
C:\Users\chgu\Dropbox\Master\模本程序\模本程序\Debug\CL.1944.read.1.tlog
C:\Users\chgu\Dropbox\Master\模本程序\模本程序\Debug\CL.1944.write.1.tlog
C:\Users\chgu\Dropbox\Master\模本程序\模本程序\Debug\CL.332.read.1.tlog
C:\Users\chgu\Dropbox\Master\模本程序\模本程序\Debug\CL.332.write.1.tlog
C:\Users\chgu\Dropbox\Master\模本程序\模本程序\Debug\CL.4808.read.1.tlog
C:\Users\chgu\Dropbox\Master\模本程序\模本程序\Debug\CL.4808.write.1.tlog
C:\Users\chgu\Dropbox\Master\模本程序\模本程序\Debug\CL.5044.read.1.tlog
C:\Users\chgu\Dropbox\Master\模本程序\模本程序\Debug\CL.5044.write.1.tlog
C:\Users\chgu\Dropbox\Master\模本程序\模本程序\Debug\CL.5816.read.1.tlog
C:\Users\chgu\Dropbox\Master\模本程序\模本程序\Debug\CL.5816.write.1.tlog
C:\Users\chgu\Dropbox\Master\模本程序\模本程序\Debug\CL.6428.read.1.tlog
C:\Users\chgu\Dropbox\Master\模本程序\模本程序\Debug\CL.6428.write.1.tlog
C:\Users\chgu\Dropbox\Master\模本程序\模本程序\Debug\CL.7220.read.1.tlog
C:\Users\chgu\Dropbox\Master\模本程序\模本程序\Debug\CL.7220.write.1.tlog
C:\Users\chgu\Dropbox\Master\模本程序\模本程序\Debug\CL.7296.read.1.tlog
C:\Users\chgu\Dropbox\Master\模本程序\模本程序\Debug\CL.7296.write.1.tlog
C:\Users\chgu\Dropbox\Master\模本程序\模本程序\Debug\CL.7380.read.1.tlog
C:\Users\chgu\Dropbox\Master\模本程序\模本程序\Debug\CL.7380.write.1.tlog
C:\Users\chgu\Dropbox\Master\模本程序\模本程序\Debug\CL.7616.read.1.tlog
C:\Users\chgu\Dropbox\Master\模本程序\模本程序\Debug\CL.7616.write.1.tlog
C:\Users\chgu\Dropbox\Master\模本程序\模本程序\Debug\CL.8204.read.1.tlog
C:\Users\chgu\Dropbox\Master\模本程序\模本程序\Debug\CL.8204.write.1.tlog
C:\Users\chgu\Dropbox\Master\模本程序\模本程序\Debug\CL.8232.read.1.tlog
C:\Users\chgu\Dropbox\Master\模本程序\模本程序\Debug\CL.8232.write.1.tlog
C:\Users\chgu\Dropbox\Master\模本程序\模本程序\Debug\CL.9588.read.1.tlog
C:\Users\chgu\Dropbox\Master\模本程序\模本程序\Debug\CL.9588.write.1.tlog
C:\Users\chgu\Dropbox\Master\模本程序\模本程序\Debug\cl.command.1.tlog
C:\Users\chgu\Dropbox\Master\模本程序\模本程序\Debug\CL.read.1.tlog
C:\Users\chgu\Dropbox\Master\模本程序\模本程序\Debug\cl.write.1.tlog
C:\Users\chgu\Dropbox\Master\模本程序\模本程序\Debug\link.10216.read.1.tlog
C:\Users\chgu\Dropbox\Master\模本程序\模本程序\Debug\link.10216.write.1.tlog
C:\Users\chgu\Dropbox\Master\模本程序\模本程序\Debug\link.10300.read.1.tlog
C:\Users\chgu\Dropbox\Master\模本程序\模本程序\Debug\link.10300.write.1.tlog
C:\Users\chgu\Dropbox\Master\模本程序\模本程序\Debug\link.10368.read.1.tlog
C:\Users\chgu\Dropbox\Master\模本程序\模本程序\Debug\link.10368.write.1.tlog
C:\Users\chgu\Dropbox\Master\模本程序\模本程序\Debug\link.10368-cvtres.read.1.tlog
C:\Users\chgu\Dropbox\Master\模本程序\模本程序\Debug\link.10368-cvtres.write.1.tlog
C:\Users\chgu\Dropbox\Master\模本程序\模本程序\Debug\link.10612.read.1.tlog
C:\Users\chgu\Dropbox\Master\模本程序\模本程序\Debug\link.10612.write.1.tlog
C:\Users\chgu\Dropbox\Master\模本程序\模本程序\Debug\link.10612-cvtres.read.1.tlog
C:\Users\chgu\Dropbox\Master\模本程序\模本程序\Debug\link.10612-cvtres.write.1.tlog
C:\Users\chgu\Dropbox\Master\模本程序\模本程序\Debug\link.10840.read.1.tlog
C:\Users\chgu\Dropbox\Master\模本程序\模本程序\Debug\link.10840.write.1.tlog
C:\Users\chgu\Dropbox\Master\模本程序\模本程序\Debug\link.10944.11176.read.1.tlog
C:\Users\chgu\Dropbox\Master\模本程序\模本程序\Debug\link.10944.11176.write.1.tlog
C:\Users\chgu\Dropbox\Master\模本程序\模本程序\Debug\link.10944.11176-cvtres.read.1.tlog
C:\Users\chgu\Dropbox\Master\模本程序\模本程序\Debug\link.10944.11176-cvtres.write.1.tlog
C:\Users\chgu\Dropbox\Master\模本程序\模本程序\Debug\link.10944.read.1.tlog
C:\Users\chgu\Dropbox\Master\模本程序\模本程序\Debug\link.10944.write.1.tlog
C:\Users\chgu\Dropbox\Master\模本程序\模本程序\Debug\link.10964.read.1.tlog
C:\Users\chgu\Dropbox\Master\模本程序\模本程序\Debug\link.10964.write.1.tlog
C:\Users\chgu\Dropbox\Master\模本程序\模本程序\Debug\link.10964-cvtres.read.1.tlog
C:\Users\chgu\Dropbox\Master\模本程序\模本程序\Debug\link.10964-cvtres.write.1.tlog
C:\Users\chgu\Dropbox\Master\模本程序\模本程序\Debug\link.11252.read.1.tlog
C:\Users\chgu\Dropbox\Master\模本程序\模本程序\Debug\link.11252.write.1.tlog
C:\Users\chgu\Dropbox\Master\模本程序\模本程序\Debug\link.11304.read.1.tlog
C:\Users\chgu\Dropbox\Master\模本程序\模本程序\Debug\link.11304.write.1.tlog
C:\Users\chgu\Dropbox\Master\模本程序\模本程序\Debug\link.11304-cvtres.read.1.tlog
C:\Users\chgu\Dropbox\Master\模本程序\模本程序\Debug\link.11304-cvtres.write.1.tlog
C:\Users\chgu\Dropbox\Master\模本程序\模本程序\Debug\link.11864.read.1.tlog
C:\Users\chgu\Dropbox\Master\模本程序\模本程序\Debug\link.11864.write.1.tlog
C:\Users\chgu\Dropbox\Master\模本程序\模本程序\Debug\link.13084.read.1.tlog
C:\Users\chgu\Dropbox\Master\模本程序\模本程序\Debug\link.13084.write.1.tlog
C:\Users\chgu\Dropbox\Master\模本程序\模本程序\Debug\link.3812.read.1.tlog
C:\Users\chgu\Dropbox\Master\模本程序\模本程序\Debug\link.3812.write.1.tlog
C:\Users\chgu\Dropbox\Master\模本程序\模本程序\Debug\link.3812-cvtres.read.1.tlog
C:\Users\chgu\Dropbox\Master\模本程序\模本程序\Debug\link.3812-cvtres.write.1.tlog
C:\Users\chgu\Dropbox\Master\模本程序\模本程序\Debug\link.4860.read.1.tlog
C:\Users\chgu\Dropbox\Master\模本程序\模本程序\Debug\link.4860.write.1.tlog
C:\Users\chgu\Dropbox\Master\模本程序\模本程序\Debug\link.4860-cvtres.read.1.tlog
C:\Users\chgu\Dropbox\Master\模本程序\模本程序\Debug\link.4860-cvtres.write.1.tlog
C:\Users\chgu\Dropbox\Master\模本程序\模本程序\Debug\link.6932.read.1.tlog
C:\Users\chgu\Dropbox\Master\模本程序\模本程序\Debug\link.6932.write.1.tlog
C:\Users\chgu\Dropbox\Master\模本程序\模本程序\Debug\link.6964.read.1.tlog
C:\Users\chgu\Dropbox\Master\模本程序\模本程序\Debug\link.6964.write.1.tlog
C:\Users\chgu\Dropbox\Master\模本程序\模本程序\Debug\link.8268.read.1.tlog
C:\Users\chgu\Dropbox\Master\模本程序\模本程序\Debug\link.8268.write.1.tlog
C:\Users\chgu\Dropbox\Master\模本程序\模本程序\Debug\link.8268-cvtres.read.1.tlog
C:\Users\chgu\Dropbox\Master\模本程序\模本程序\Debug\link.8268-cvtres.write.1.tlog
C:\Users\chgu\Dropbox\Master\模本程序\模本程序\Debug\link.9072.read.1.tlog
C:\Users\chgu\Dropbox\Master\模本程序\模本程序\Debug\link.9072.write.1.tlog
C:\Users\chgu\Dropbox\Master\模本程序\模本程序\Debug\link.9072-cvtres.read.1.tlog
C:\Users\chgu\Dropbox\Master\模本程序\模本程序\Debug\link.9072-cvtres.write.1.tlog
C:\Users\chgu\Dropbox\Master\模本程序\模本程序\Debug\link.9364.read.1.tlog
C:\Users\chgu\Dropbox\Master\模本程序\模本程序\Debug\link.9364.write.1.tlog
C:\Users\chgu\Dropbox\Master\模本程序\模本程序\Debug\link.9612.read.1.tlog
C:\Users\chgu\Dropbox\Master\模本程序\模本程序\Debug\link.9612.write.1.tlog
C:\Users\chgu\Dropbox\Master\模本程序\模本程序\Debug\link.command.1.tlog
C:\Users\chgu\Dropbox\Master\模本程序\模本程序\Debug\link.read.1.tlog
C:\Users\chgu\Dropbox\Master\模本程序\模本程序\Debug\mt.command.1.tlog
C:\Users\chgu\Dropbox\Master\模本程序\模本程序\Debug\mt.read.1.tlog
C:\Users\chgu\Dropbox\Master\模本程序\模本程序\Debug\mt.write.1.tlog
C:\Users\chgu\Dropbox\Master\模本程序\模本程序\Debug\rc.command.1.tlog
C:\Users\chgu\Dropbox\Master\模本程序\模本程序\Debug\rc.read.1.tlog
C:\Users\chgu\Dropbox\Master\模本程序\模本程序\Debug\rc.write.1.tlog
C:\Users\chgu\Dropbox\Master\模本程序\模本程序\Debug\stdafx.obj
C:\Users\chgu\Dropbox\Master\模本程序\模本程序\Debug\vc100.idb
C:\USERS\CHGU\DROPBOX\MASTER\模本程序\模本程序\DEBUG\VC100.PDB
C:\USERS\CHGU\DROPBOX\MASTER\模本程序\模本程序\DEBUG\模本程序.EXE.EMBED.MANIFEST
C:\USERS\CHGU\DROPBOX\MASTER\模本程序\模本程序\DEBUG\模本程序.EXE.EMBED.MANIFEST.RES
C:\USERS\CHGU\DROPBOX\MASTER\模本程序\模本程序\DEBUG\模本程序.EXE.INTERMEDIATE.MANIFEST
C:\USERS\CHGU\DROPBOX\MASTER\模本程序\模本程序\DEBUG\模本程序.OBJ
C:\Users\chgu\Dropbox\Master\模本程序\模本程序\Debug\模本程序.pch
C:\USERS\CHGU\DROPBOX\MASTER\模本程序\模本程序\DEBUG\模本程序.RES
C:\Users\chgu\Dropbox\Master\模本程序\模本程序\Debug\模本程序_manifest.rc
